This is pdfTeX, Version 3.1415926-2.5-1.40.14 (TeX Live 2013/Debian) (format=pdflatex 2014.9.6)  7 MAY 2015 05:42
entering extended mode
 restricted \write18 enabled.
 %&-line parsing enabled.
**informe.tex
(./informe.tex
LaTeX2e <2011/06/27>
Babel <3.9h> and hyphenation patterns for 2 languages loaded.
(/usr/share/texlive/texmf-dist/tex/latex/base/article.cls
Document Class: article 2007/10/19 v1.4h Standard LaTeX document class
(/usr/share/texlive/texmf-dist/tex/latex/base/size10.clo
File: size10.clo 2007/10/19 v1.4h Standard LaTeX file (size option)
)
\c@part=\count79
\c@section=\count80
\c@subsection=\count81
\c@subsubsection=\count82
\c@paragraph=\count83
\c@subparagraph=\count84
\c@figure=\count85
\c@table=\count86
\abovecaptionskip=\skip41
\belowcaptionskip=\skip42
\bibindent=\dimen102
)
(/usr/share/texlive/texmf-dist/tex/generic/babel/babel.sty
Package: babel 2013/12/03 3.9h The Babel package


! Package babel Error: Unknown option `spanish'. Either you misspelled it
(babel)                or the language definition file spanish.ldf was not foun
d.

See the babel package documentation for explanation.
Type  H <return>  for immediate help.
 ...                                              
                                                  
l.296 \ProcessOptions*
                      
? r
OK, entering \nonstopmode...

! Package babel Error: You haven't specified a language option.

See the babel package documentation for explanation.
Type  H <return>  for immediate help.
 ...                                              
                                                  
l.329 ...ry to proceed from here, type x to quit.}
                                                  
You need to specify a language, either as a global option
or as an optional argument to the \usepackage command;
You shouldn't try to proceed from here, type x to quit.

) (/usr/share/texlive/texmf-dist/tex/latex/base/inputenc.sty
Package: inputenc 2008/03/30 v1.1d Input encoding file
\inpenc@prehook=\toks14
\inpenc@posthook=\toks15

(/usr/share/texlive/texmf-dist/tex/latex/base/utf8.def
File: utf8.def 2008/04/05 v1.1m UTF-8 support for inputenc
Now handling font encoding OML ...
... no UTF-8 mapping file for font encoding OML
Now handling font encoding T1 ...
... processing UTF-8 mapping file for font encoding T1

(/usr/share/texlive/texmf-dist/tex/latex/base/t1enc.dfu
File: t1enc.dfu 2008/04/05 v1.1m UTF-8 support for inputenc
   defining Unicode char U+00A1 (decimal 161)
   defining Unicode char U+00A3 (decimal 163)
   defining Unicode char U+00AB (decimal 171)
   defining Unicode char U+00BB (decimal 187)
   defining Unicode char U+00BF (decimal 191)
   defining Unicode char U+00C0 (decimal 192)
   defining Unicode char U+00C1 (decimal 193)
   defining Unicode char U+00C2 (decimal 194)
   defining Unicode char U+00C3 (decimal 195)
   defining Unicode char U+00C4 (decimal 196)
   defining Unicode char U+00C5 (decimal 197)
   defining Unicode char U+00C6 (decimal 198)
   defining Unicode char U+00C7 (decimal 199)
   defining Unicode char U+00C8 (decimal 200)
   defining Unicode char U+00C9 (decimal 201)
   defining Unicode char U+00CA (decimal 202)
   defining Unicode char U+00CB (decimal 203)
   defining Unicode char U+00CC (decimal 204)
   defining Unicode char U+00CD (decimal 205)
   defining Unicode char U+00CE (decimal 206)
   defining Unicode char U+00CF (decimal 207)
   defining Unicode char U+00D0 (decimal 208)
   defining Unicode char U+00D1 (decimal 209)
   defining Unicode char U+00D2 (decimal 210)
   defining Unicode char U+00D3 (decimal 211)
   defining Unicode char U+00D4 (decimal 212)
   defining Unicode char U+00D5 (decimal 213)
   defining Unicode char U+00D6 (decimal 214)
   defining Unicode char U+00D8 (decimal 216)
   defining Unicode char U+00D9 (decimal 217)
   defining Unicode char U+00DA (decimal 218)
   defining Unicode char U+00DB (decimal 219)
   defining Unicode char U+00DC (decimal 220)
   defining Unicode char U+00DD (decimal 221)
   defining Unicode char U+00DE (decimal 222)
   defining Unicode char U+00DF (decimal 223)
   defining Unicode char U+00E0 (decimal 224)
   defining Unicode char U+00E1 (decimal 225)
   defining Unicode char U+00E2 (decimal 226)
   defining Unicode char U+00E3 (decimal 227)
   defining Unicode char U+00E4 (decimal 228)
   defining Unicode char U+00E5 (decimal 229)
   defining Unicode char U+00E6 (decimal 230)
   defining Unicode char U+00E7 (decimal 231)
   defining Unicode char U+00E8 (decimal 232)
   defining Unicode char U+00E9 (decimal 233)
   defining Unicode char U+00EA (decimal 234)
   defining Unicode char U+00EB (decimal 235)
   defining Unicode char U+00EC (decimal 236)
   defining Unicode char U+00ED (decimal 237)
   defining Unicode char U+00EE (decimal 238)
   defining Unicode char U+00EF (decimal 239)
   defining Unicode char U+00F0 (decimal 240)
   defining Unicode char U+00F1 (decimal 241)
   defining Unicode char U+00F2 (decimal 242)
   defining Unicode char U+00F3 (decimal 243)
   defining Unicode char U+00F4 (decimal 244)
   defining Unicode char U+00F5 (decimal 245)
   defining Unicode char U+00F6 (decimal 246)
   defining Unicode char U+00F8 (decimal 248)
   defining Unicode char U+00F9 (decimal 249)
   defining Unicode char U+00FA (decimal 250)
   defining Unicode char U+00FB (decimal 251)
   defining Unicode char U+00FC (decimal 252)
   defining Unicode char U+00FD (decimal 253)
   defining Unicode char U+00FE (decimal 254)
   defining Unicode char U+00FF (decimal 255)
   defining Unicode char U+0102 (decimal 258)
   defining Unicode char U+0103 (decimal 259)
   defining Unicode char U+0104 (decimal 260)
   defining Unicode char U+0105 (decimal 261)
   defining Unicode char U+0106 (decimal 262)
   defining Unicode char U+0107 (decimal 263)
   defining Unicode char U+010C (decimal 268)
   defining Unicode char U+010D (decimal 269)
   defining Unicode char U+010E (decimal 270)
   defining Unicode char U+010F (decimal 271)
   defining Unicode char U+0110 (decimal 272)
   defining Unicode char U+0111 (decimal 273)
   defining Unicode char U+0118 (decimal 280)
   defining Unicode char U+0119 (decimal 281)
   defining Unicode char U+011A (decimal 282)
   defining Unicode char U+011B (decimal 283)
   defining Unicode char U+011E (decimal 286)
   defining Unicode char U+011F (decimal 287)
   defining Unicode char U+0130 (decimal 304)
   defining Unicode char U+0131 (decimal 305)
   defining Unicode char U+0132 (decimal 306)
   defining Unicode char U+0133 (decimal 307)
   defining Unicode char U+0139 (decimal 313)
   defining Unicode char U+013A (decimal 314)
   defining Unicode char U+013D (decimal 317)
   defining Unicode char U+013E (decimal 318)
   defining Unicode char U+0141 (decimal 321)
   defining Unicode char U+0142 (decimal 322)
   defining Unicode char U+0143 (decimal 323)
   defining Unicode char U+0144 (decimal 324)
   defining Unicode char U+0147 (decimal 327)
   defining Unicode char U+0148 (decimal 328)
   defining Unicode char U+014A (decimal 330)
   defining Unicode char U+014B (decimal 331)
   defining Unicode char U+0150 (decimal 336)
   defining Unicode char U+0151 (decimal 337)
   defining Unicode char U+0152 (decimal 338)
   defining Unicode char U+0153 (decimal 339)
   defining Unicode char U+0154 (decimal 340)
   defining Unicode char U+0155 (decimal 341)
   defining Unicode char U+0158 (decimal 344)
   defining Unicode char U+0159 (decimal 345)
   defining Unicode char U+015A (decimal 346)
   defining Unicode char U+015B (decimal 347)
   defining Unicode char U+015E (decimal 350)
   defining Unicode char U+015F (decimal 351)
   defining Unicode char U+0160 (decimal 352)
   defining Unicode char U+0161 (decimal 353)
   defining Unicode char U+0162 (decimal 354)
   defining Unicode char U+0163 (decimal 355)
   defining Unicode char U+0164 (decimal 356)
   defining Unicode char U+0165 (decimal 357)
   defining Unicode char U+016E (decimal 366)
   defining Unicode char U+016F (decimal 367)
   defining Unicode char U+0170 (decimal 368)
   defining Unicode char U+0171 (decimal 369)
   defining Unicode char U+0178 (decimal 376)
   defining Unicode char U+0179 (decimal 377)
   defining Unicode char U+017A (decimal 378)
   defining Unicode char U+017B (decimal 379)
   defining Unicode char U+017C (decimal 380)
   defining Unicode char U+017D (decimal 381)
   defining Unicode char U+017E (decimal 382)
   defining Unicode char U+200C (decimal 8204)
   defining Unicode char U+2013 (decimal 8211)
   defining Unicode char U+2014 (decimal 8212)
   defining Unicode char U+2018 (decimal 8216)
   defining Unicode char U+2019 (decimal 8217)
   defining Unicode char U+201A (decimal 8218)
   defining Unicode char U+201C (decimal 8220)
   defining Unicode char U+201D (decimal 8221)
   defining Unicode char U+201E (decimal 8222)
   defining Unicode char U+2030 (decimal 8240)
   defining Unicode char U+2031 (decimal 8241)
   defining Unicode char U+2039 (decimal 8249)
   defining Unicode char U+203A (decimal 8250)
   defining Unicode char U+2423 (decimal 9251)
)
Now handling font encoding OT1 ...
... processing UTF-8 mapping file for font encoding OT1

(/usr/share/texlive/texmf-dist/tex/latex/base/ot1enc.dfu
File: ot1enc.dfu 2008/04/05 v1.1m UTF-8 support for inputenc
   defining Unicode char U+00A1 (decimal 161)
   defining Unicode char U+00A3 (decimal 163)
   defining Unicode char U+00B8 (decimal 184)
   defining Unicode char U+00BF (decimal 191)
   defining Unicode char U+00C5 (decimal 197)
   defining Unicode char U+00C6 (decimal 198)
   defining Unicode char U+00D8 (decimal 216)
   defining Unicode char U+00DF (decimal 223)
   defining Unicode char U+00E6 (decimal 230)
   defining Unicode char U+00EC (decimal 236)
   defining Unicode char U+00ED (decimal 237)
   defining Unicode char U+00EE (decimal 238)
   defining Unicode char U+00EF (decimal 239)
   defining Unicode char U+00F8 (decimal 248)
   defining Unicode char U+0131 (decimal 305)
   defining Unicode char U+0141 (decimal 321)
   defining Unicode char U+0142 (decimal 322)
   defining Unicode char U+0152 (decimal 338)
   defining Unicode char U+0153 (decimal 339)
   defining Unicode char U+2013 (decimal 8211)
   defining Unicode char U+2014 (decimal 8212)
   defining Unicode char U+2018 (decimal 8216)
   defining Unicode char U+2019 (decimal 8217)
   defining Unicode char U+201C (decimal 8220)
   defining Unicode char U+201D (decimal 8221)
)
Now handling font encoding OMS ...
... processing UTF-8 mapping file for font encoding OMS

(/usr/share/texlive/texmf-dist/tex/latex/base/omsenc.dfu
File: omsenc.dfu 2008/04/05 v1.1m UTF-8 support for inputenc
   defining Unicode char U+00A7 (decimal 167)
   defining Unicode char U+00B6 (decimal 182)
   defining Unicode char U+00B7 (decimal 183)
   defining Unicode char U+2020 (decimal 8224)
   defining Unicode char U+2021 (decimal 8225)
   defining Unicode char U+2022 (decimal 8226)
)
Now handling font encoding OMX ...
... no UTF-8 mapping file for font encoding OMX
Now handling font encoding U ...
... no UTF-8 mapping file for font encoding U
   defining Unicode char U+00A9 (decimal 169)
   defining Unicode char U+00AA (decimal 170)
   defining Unicode char U+00AE (decimal 174)
   defining Unicode char U+00BA (decimal 186)
   defining Unicode char U+02C6 (decimal 710)
   defining Unicode char U+02DC (decimal 732)
   defining Unicode char U+200C (decimal 8204)
   defining Unicode char U+2026 (decimal 8230)
   defining Unicode char U+2122 (decimal 8482)
   defining Unicode char U+2423 (decimal 9251)
))
(/usr/share/texlive/texmf-dist/tex/latex/psnfss/charter.sty
Package: charter 2005/04/12 PSNFSS-v9.2a (P.Dyballa) 
)
(/usr/share/texlive/texmf-dist/tex/latex/graphics/graphicx.sty
Package: graphicx 1999/02/16 v1.0f Enhanced LaTeX Graphics (DPC,SPQR)

(/usr/share/texlive/texmf-dist/tex/latex/graphics/keyval.sty
Package: keyval 1999/03/16 v1.13 key=value parser (DPC)
\KV@toks@=\toks16
)
(/usr/share/texlive/texmf-dist/tex/latex/graphics/graphics.sty
Package: graphics 2009/02/05 v1.0o Standard LaTeX Graphics (DPC,SPQR)

(/usr/share/texlive/texmf-dist/tex/latex/graphics/trig.sty
Package: trig 1999/03/16 v1.09 sin cos tan (DPC)
)
(/usr/share/texlive/texmf-dist/tex/latex/latexconfig/graphics.cfg
File: graphics.cfg 2010/04/23 v1.9 graphics configuration of TeX Live
)
Package graphics Info: Driver file: pdftex.def on input line 91.

(/usr/share/texlive/texmf-dist/tex/latex/pdftex-def/pdftex.def
File: pdftex.def 2011/05/27 v0.06d Graphics/color for pdfTeX

(/usr/share/texlive/texmf-dist/tex/generic/oberdiek/infwarerr.sty
Package: infwarerr 2010/04/08 v1.3 Providing info/warning/error messages (HO)
)
(/usr/share/texlive/texmf-dist/tex/generic/oberdiek/ltxcmds.sty
Package: ltxcmds 2011/11/09 v1.22 LaTeX kernel commands for general use (HO)
)
\Gread@gobject=\count87
))
\Gin@req@height=\dimen103
\Gin@req@width=\dimen104
)
(/usr/share/texlive/texmf-dist/tex/latex/subfig/subfig.sty
Package: subfig 2005/06/28 ver: 1.3 subfig package

(/usr/share/texlive/texmf-dist/tex/latex/caption/caption.sty
Package: caption 2013/05/02 v3.3-89 Customizing captions (AR)

(/usr/share/texlive/texmf-dist/tex/latex/caption/caption3.sty
Package: caption3 2013/05/02 v1.6-88 caption3 kernel (AR)
Package caption3 Info: TeX engine: e-TeX on input line 57.
\captionmargin=\dimen105
\captionmargin@=\dimen106
\captionwidth=\dimen107
\caption@tempdima=\dimen108
\caption@indent=\dimen109
\caption@parindent=\dimen110
\caption@hangindent=\dimen111
)
\c@ContinuedFloat=\count88
)
\c@KVtest=\count89
\sf@farskip=\skip43
\sf@captopadj=\dimen112
\sf@capskip=\skip44
\sf@nearskip=\skip45
\c@subfigure=\count90
\c@subfigure@save=\count91
\c@lofdepth=\count92
\c@subtable=\count93
\c@subtable@save=\count94
\c@lotdepth=\count95
\sf@top=\skip46
\sf@bottom=\skip47
)
(/usr/share/texlive/texmf-dist/tex/latex/float/float.sty
Package: float 2001/11/08 v1.3d Float enhancements (AL)
\c@float@type=\count96
\float@exts=\toks17
\float@box=\box26
\@float@everytoks=\toks18
\@floatcapt=\box27
)
(/usr/share/texlive/texmf-dist/tex/latex/listings/listings.sty
\lst@mode=\count97
\lst@gtempboxa=\box28
\lst@token=\toks19
\lst@length=\count98
\lst@currlwidth=\dimen113
\lst@column=\count99
\lst@pos=\count100
\lst@lostspace=\dimen114
\lst@width=\dimen115
\lst@newlines=\count101
\lst@lineno=\count102
\lst@maxwidth=\dimen116

(/usr/share/texlive/texmf-dist/tex/latex/listings/lstmisc.sty
File: lstmisc.sty 2013/08/26 1.5b (Carsten Heinz)
\c@lstnumber=\count103
\lst@skipnumbers=\count104
\lst@framebox=\box29
)
(/usr/share/texlive/texmf-dist/tex/latex/listings/listings.cfg
File: listings.cfg 2013/08/26 1.5b listings configuration
))
Package: listings 2013/08/26 1.5b (Carsten Heinz)

(./codesnippet.tex (/usr/share/texlive/texmf-dist/tex/latex/graphics/color.sty
Package: color 2005/11/14 v1.0j Standard LaTeX Color (DPC)

(/usr/share/texlive/texmf-dist/tex/latex/latexconfig/color.cfg
File: color.cfg 2007/01/18 v1.5 color configuration of teTeX/TeXLive
)
Package color Info: Driver file: pdftex.def on input line 130.
)
(/usr/share/texlive/texmf-dist/tex/latex/fancybox/fancybox.sty
Package: fancybox 2010/05/15 1.4

Style option: `fancybox' v1.4 <2010/05/15> (tvz)
\@fancybox=\box30
\shadowsize=\dimen117
\@Sbox=\box31
\do@VerbBox=\toks20
\the@fancyput=\toks21
\this@fancyput=\toks22
\EndVerbatimTokens=\toks23
\Verbatim@Outfile=\write3
\Verbatim@Infile=\read1
)) (./page.layout.tex
(/usr/share/texlive/texmf-dist/tex/latex/fancyhdr/fancyhdr.sty
\fancy@headwidth=\skip48
\f@ncyO@elh=\skip49
\f@ncyO@erh=\skip50
\f@ncyO@olh=\skip51
\f@ncyO@orh=\skip52
\f@ncyO@elf=\skip53
\f@ncyO@erf=\skip54
\f@ncyO@olf=\skip55
\f@ncyO@orf=\skip56
))
(/usr/share/texlive/texmf-dist/tex/latex/underscore/underscore.sty
Package: underscore 2006/09/13
LaTeX Info: Redefining \_ on input line 42.
)
(./caratulaV.sty

LaTeX Warning: You have requested package `caratulaV',
               but the package provides `caratula'.

Package: caratula 2005/08/09 v0.3 Para componer caratulas de TPs del DC
Cargando package 'caratula' v0.3 (2005/08/09)
\intlist=\toks24
) (/usr/share/texlive/texmf-dist/tex/latex/url/url.sty
\Urlmuskip=\muskip10
Package: url 2013/09/16  ver 3.4  Verb mode for urls, etc.
)
(/usr/share/texlive/texmf-dist/tex/latex/base/alltt.sty
Package: alltt 1997/06/16 v2.0g defines alltt environment
)
(/usr/share/texmf/tex/latex/pgf/frontendlayer/tikz.sty
(/usr/share/texmf/tex/latex/pgf/basiclayer/pgf.sty
(/usr/share/texmf/tex/latex/pgf/utilities/pgfrcs.sty
(/usr/share/texmf/tex/generic/pgf/utilities/pgfutil-common.tex
\pgfutil@everybye=\toks25
)
(/usr/share/texmf/tex/generic/pgf/utilities/pgfutil-latex.def
\pgfutil@abb=\box32

(/usr/share/texlive/texmf-dist/tex/latex/ms/everyshi.sty
Package: everyshi 2001/05/15 v3.00 EveryShipout Package (MS)
))
(/usr/share/texmf/tex/generic/pgf/utilities/pgfrcs.code.tex
Package: pgfrcs 2010/10/25 v2.10 (rcs-revision 1.24)
))
Package: pgf 2008/01/15 v2.10 (rcs-revision 1.12)

(/usr/share/texmf/tex/latex/pgf/basiclayer/pgfcore.sty
(/usr/share/texmf/tex/latex/pgf/systemlayer/pgfsys.sty
(/usr/share/texmf/tex/generic/pgf/systemlayer/pgfsys.code.tex
Package: pgfsys 2010/06/30 v2.10 (rcs-revision 1.37)

(/usr/share/texmf/tex/generic/pgf/utilities/pgfkeys.code.tex
\pgfkeys@pathtoks=\toks26
\pgfkeys@temptoks=\toks27

(/usr/share/texmf/tex/generic/pgf/utilities/pgfkeysfiltered.code.tex
\pgfkeys@tmptoks=\toks28
))
\pgf@x=\dimen118
\pgf@y=\dimen119
\pgf@xa=\dimen120
\pgf@ya=\dimen121
\pgf@xb=\dimen122
\pgf@yb=\dimen123
\pgf@xc=\dimen124
\pgf@yc=\dimen125
\w@pgf@writea=\write4
\r@pgf@reada=\read2
\c@pgf@counta=\count105
\c@pgf@countb=\count106
\c@pgf@countc=\count107
\c@pgf@countd=\count108

(/usr/share/texmf/tex/generic/pgf/systemlayer/pgf.cfg
File: pgf.cfg 2008/05/14  (rcs-revision 1.7)
)
Package pgfsys Info: Driver file for pgf: pgfsys-pdftex.def on input line 900.

(/usr/share/texmf/tex/generic/pgf/systemlayer/pgfsys-pdftex.def
File: pgfsys-pdftex.def 2009/05/22  (rcs-revision 1.26)

(/usr/share/texmf/tex/generic/pgf/systemlayer/pgfsys-common-pdf.def
File: pgfsys-common-pdf.def 2008/05/19  (rcs-revision 1.10)
)))
(/usr/share/texmf/tex/generic/pgf/systemlayer/pgfsyssoftpath.code.tex
File: pgfsyssoftpath.code.tex 2008/07/18  (rcs-revision 1.7)
\pgfsyssoftpath@smallbuffer@items=\count109
\pgfsyssoftpath@bigbuffer@items=\count110
)
(/usr/share/texmf/tex/generic/pgf/systemlayer/pgfsysprotocol.code.tex
File: pgfsysprotocol.code.tex 2006/10/16  (rcs-revision 1.4)
))
(/usr/share/texmf/tex/latex/xcolor/xcolor.sty
Package: xcolor 2007/01/21 v2.11 LaTeX color extensions (UK)

(/usr/share/texlive/texmf-dist/tex/latex/latexconfig/color.cfg
File: color.cfg 2007/01/18 v1.5 color configuration of teTeX/TeXLive
)
Package xcolor Info: Driver file: pdftex.def on input line 225.
LaTeX Info: Redefining \color on input line 702.
Package xcolor Info: Model `cmy' substituted by `cmy0' on input line 1337.
Package xcolor Info: Model `hsb' substituted by `rgb' on input line 1341.
Package xcolor Info: Model `RGB' extended on input line 1353.
Package xcolor Info: Model `HTML' substituted by `rgb' on input line 1355.
Package xcolor Info: Model `Hsb' substituted by `hsb' on input line 1356.
Package xcolor Info: Model `tHsb' substituted by `hsb' on input line 1357.
Package xcolor Info: Model `HSB' substituted by `hsb' on input line 1358.
Package xcolor Info: Model `Gray' substituted by `gray' on input line 1359.
Package xcolor Info: Model `wave' substituted by `hsb' on input line 1360.
)
(/usr/share/texmf/tex/generic/pgf/basiclayer/pgfcore.code.tex
Package: pgfcore 2010/04/11 v2.10 (rcs-revision 1.7)

(/usr/share/texmf/tex/generic/pgf/math/pgfmath.code.tex
(/usr/share/texmf/tex/generic/pgf/math/pgfmathcalc.code.tex
(/usr/share/texmf/tex/generic/pgf/math/pgfmathutil.code.tex)
(/usr/share/texmf/tex/generic/pgf/math/pgfmathparser.code.tex
\pgfmath@dimen=\dimen126
\pgfmath@count=\count111
\pgfmath@box=\box33
\pgfmath@toks=\toks29
\pgfmath@stack@operand=\toks30
\pgfmath@stack@operation=\toks31
)
(/usr/share/texmf/tex/generic/pgf/math/pgfmathfunctions.code.tex
(/usr/share/texmf/tex/generic/pgf/math/pgfmathfunctions.basic.code.tex)
(/usr/share/texmf/tex/generic/pgf/math/pgfmathfunctions.trigonometric.code.tex)
(/usr/share/texmf/tex/generic/pgf/math/pgfmathfunctions.random.code.tex)
(/usr/share/texmf/tex/generic/pgf/math/pgfmathfunctions.comparison.code.tex)
(/usr/share/texmf/tex/generic/pgf/math/pgfmathfunctions.base.code.tex)
(/usr/share/texmf/tex/generic/pgf/math/pgfmathfunctions.round.code.tex)
(/usr/share/texmf/tex/generic/pgf/math/pgfmathfunctions.misc.code.tex)))
(/usr/share/texmf/tex/generic/pgf/math/pgfmathfloat.code.tex
\c@pgfmathroundto@lastzeros=\count112
))
(/usr/share/texmf/tex/generic/pgf/basiclayer/pgfcorepoints.code.tex
File: pgfcorepoints.code.tex 2010/04/09  (rcs-revision 1.20)
\pgf@picminx=\dimen127
\pgf@picmaxx=\dimen128
\pgf@picminy=\dimen129
\pgf@picmaxy=\dimen130
\pgf@pathminx=\dimen131
\pgf@pathmaxx=\dimen132
\pgf@pathminy=\dimen133
\pgf@pathmaxy=\dimen134
\pgf@xx=\dimen135
\pgf@xy=\dimen136
\pgf@yx=\dimen137
\pgf@yy=\dimen138
\pgf@zx=\dimen139
\pgf@zy=\dimen140
)
(/usr/share/texmf/tex/generic/pgf/basiclayer/pgfcorepathconstruct.code.tex
File: pgfcorepathconstruct.code.tex 2010/08/03  (rcs-revision 1.24)
\pgf@path@lastx=\dimen141
\pgf@path@lasty=\dimen142
)
(/usr/share/texmf/tex/generic/pgf/basiclayer/pgfcorepathusage.code.tex
File: pgfcorepathusage.code.tex 2008/04/22  (rcs-revision 1.12)
\pgf@shorten@end@additional=\dimen143
\pgf@shorten@start@additional=\dimen144
)
(/usr/share/texmf/tex/generic/pgf/basiclayer/pgfcorescopes.code.tex
File: pgfcorescopes.code.tex 2010/09/08  (rcs-revision 1.34)
\pgfpic=\box34
\pgf@hbox=\box35
\pgf@layerbox@main=\box36
\pgf@picture@serial@count=\count113
)
(/usr/share/texmf/tex/generic/pgf/basiclayer/pgfcoregraphicstate.code.tex
File: pgfcoregraphicstate.code.tex 2008/04/22  (rcs-revision 1.9)
\pgflinewidth=\dimen145
)
(/usr/share/texmf/tex/generic/pgf/basiclayer/pgfcoretransformations.code.tex
File: pgfcoretransformations.code.tex 2009/06/10  (rcs-revision 1.11)
\pgf@pt@x=\dimen146
\pgf@pt@y=\dimen147
\pgf@pt@temp=\dimen148
)
(/usr/share/texmf/tex/generic/pgf/basiclayer/pgfcorequick.code.tex
File: pgfcorequick.code.tex 2008/10/09  (rcs-revision 1.3)
)
(/usr/share/texmf/tex/generic/pgf/basiclayer/pgfcoreobjects.code.tex
File: pgfcoreobjects.code.tex 2006/10/11  (rcs-revision 1.2)
)
(/usr/share/texmf/tex/generic/pgf/basiclayer/pgfcorepathprocessing.code.tex
File: pgfcorepathprocessing.code.tex 2008/10/09  (rcs-revision 1.8)
)
(/usr/share/texmf/tex/generic/pgf/basiclayer/pgfcorearrows.code.tex
File: pgfcorearrows.code.tex 2008/04/23  (rcs-revision 1.11)
)
(/usr/share/texmf/tex/generic/pgf/basiclayer/pgfcoreshade.code.tex
File: pgfcoreshade.code.tex 2008/11/23  (rcs-revision 1.13)
\pgf@max=\dimen149
\pgf@sys@shading@range@num=\count114
)
(/usr/share/texmf/tex/generic/pgf/basiclayer/pgfcoreimage.code.tex
File: pgfcoreimage.code.tex 2010/03/25  (rcs-revision 1.16)

(/usr/share/texmf/tex/generic/pgf/basiclayer/pgfcoreexternal.code.tex
File: pgfcoreexternal.code.tex 2010/09/01  (rcs-revision 1.17)
\pgfexternal@startupbox=\box37
))
(/usr/share/texmf/tex/generic/pgf/basiclayer/pgfcorelayers.code.tex
File: pgfcorelayers.code.tex 2010/08/27  (rcs-revision 1.2)
)
(/usr/share/texmf/tex/generic/pgf/basiclayer/pgfcoretransparency.code.tex
File: pgfcoretransparency.code.tex 2008/01/17  (rcs-revision 1.2)
)
(/usr/share/texmf/tex/generic/pgf/basiclayer/pgfcorepatterns.code.tex
File: pgfcorepatterns.code.tex 2009/07/02  (rcs-revision 1.3)
)))
(/usr/share/texmf/tex/generic/pgf/modules/pgfmoduleshapes.code.tex
File: pgfmoduleshapes.code.tex 2010/09/09  (rcs-revision 1.13)
\pgfnodeparttextbox=\box38
)
(/usr/share/texmf/tex/generic/pgf/modules/pgfmoduleplot.code.tex
File: pgfmoduleplot.code.tex 2010/10/22  (rcs-revision 1.8)
)
(/usr/share/texmf/tex/latex/pgf/compatibility/pgfcomp-version-0-65.sty
Package: pgfcomp-version-0-65 2007/07/03 v2.10 (rcs-revision 1.7)
\pgf@nodesepstart=\dimen150
\pgf@nodesepend=\dimen151
)
(/usr/share/texmf/tex/latex/pgf/compatibility/pgfcomp-version-1-18.sty
Package: pgfcomp-version-1-18 2007/07/23 v2.10 (rcs-revision 1.1)
))
(/usr/share/texmf/tex/latex/pgf/utilities/pgffor.sty
(/usr/share/texmf/tex/latex/pgf/utilities/pgfkeys.sty
(/usr/share/texmf/tex/generic/pgf/utilities/pgfkeys.code.tex))
(/usr/share/texmf/tex/generic/pgf/utilities/pgffor.code.tex
Package: pgffor 2010/03/23 v2.10 (rcs-revision 1.18)
\pgffor@iter=\dimen152
\pgffor@skip=\dimen153
\pgffor@stack=\toks32
\pgffor@toks=\toks33
))
(/usr/share/texmf/tex/generic/pgf/frontendlayer/tikz/tikz.code.tex
Package: tikz 2010/10/13 v2.10 (rcs-revision 1.76)

(/usr/share/texmf/tex/generic/pgf/libraries/pgflibraryplothandlers.code.tex
File: pgflibraryplothandlers.code.tex 2010/05/31 v2.10 (rcs-revision 1.15)
\pgf@plot@mark@count=\count115
\pgfplotmarksize=\dimen154
)
\tikz@lastx=\dimen155
\tikz@lasty=\dimen156
\tikz@lastxsaved=\dimen157
\tikz@lastysaved=\dimen158
\tikzleveldistance=\dimen159
\tikzsiblingdistance=\dimen160
\tikz@figbox=\box39
\tikz@tempbox=\box40
\tikztreelevel=\count116
\tikznumberofchildren=\count117
\tikznumberofcurrentchild=\count118
\tikz@fig@count=\count119

(/usr/share/texmf/tex/generic/pgf/modules/pgfmodulematrix.code.tex
File: pgfmodulematrix.code.tex 2010/08/24  (rcs-revision 1.4)
\pgfmatrixcurrentrow=\count120
\pgfmatrixcurrentcolumn=\count121
\pgf@matrix@numberofcolumns=\count122
)
\tikz@expandcount=\count123

(/usr/share/texmf/tex/generic/pgf/frontendlayer/tikz/libraries/tikzlibrarytopat
hs.code.tex
File: tikzlibrarytopaths.code.tex 2008/06/17 v2.10 (rcs-revision 1.2)
))) (/usr/share/texlive/texmf-dist/tex/latex/tools/verbatim.sty
Package: verbatim 2003/08/22 v1.5q LaTeX2e package for verbatim enhancements
\every@verbatim=\toks34
\verbatim@line=\toks35
\verbatim@in@stream=\read3
)
(./algorithm.sty
Package: algorithm 

Document Style `algorithm' - floating environment
(/usr/share/texlive/texmf-dist/tex/latex/base/ifthen.sty
Package: ifthen 2001/05/26 v1.1c Standard LaTeX ifthen package (DPC)
)
\@float@every@algorithm=\toks36
\c@algorithm=\count124
) (./algpseudocode.sty
Package: algpseudocode 
(./algorithmicx.sty
Package: algorithmicx 2005/04/27 v1.2 Algorithmicx

Document Style algorithmicx 1.2 - a greatly improved `algorithmic' style
\c@ALG@line=\count125
\c@ALG@rem=\count126
\c@ALG@nested=\count127
\ALG@tlm=\skip57
\ALG@thistlm=\skip58
\c@ALG@Lnr=\count128
\c@ALG@blocknr=\count129
\c@ALG@storecount=\count130
\c@ALG@tmpcounter=\count131
\ALG@tmplength=\skip59
)
Document Style - pseudocode environments for use with the `algorithmicx' style
) (/usr/share/texlive/texmf-dist/tex/latex/listings/lstlang1.sty
File: lstlang1.sty 2013/08/26 1.5b listings language file
)
(./informe.aux

LaTeX Warning: Label `b2unpack' multiply defined.


LaTeX Warning: Label `lshValue' multiply defined.


LaTeX Warning: Label `fig:exp1-5' multiply defined.


LaTeX Warning: Label `fig:exp1-2' multiply defined.


LaTeX Warning: Label `fig:exp1-1' multiply defined.


LaTeX Warning: Label `fig:exp1-0.5' multiply defined.


LaTeX Warning: Label `fig:exp1-0.5' multiply defined.


LaTeX Warning: Label `fig:exp1-1' multiply defined.


LaTeX Warning: Label `fig:exp1-0.5' multiply defined.


LaTeX Warning: Label `fig:exp1-1' multiply defined.


LaTeX Warning: Label `fig:exp1-0.5' multiply defined.


LaTeX Warning: Label `fig:exp1-1' multiply defined.


LaTeX Warning: Label `fig:exp1-0.5' multiply defined.


LaTeX Warning: Label `fig:exp1-1' multiply defined.


LaTeX Warning: Label `fig:exp1-0.5' multiply defined.


LaTeX Warning: Label `fig:exp1-1' multiply defined.


LaTeX Warning: Label `fig:exp1-0.5' multiply defined.

)
\openout1 = `informe.aux'.

LaTeX Font Info:    Checking defaults for OML/cmm/m/it on input line 84.
LaTeX Font Info:    ... okay on input line 84.
LaTeX Font Info:    Checking defaults for T1/cmr/m/n on input line 84.
LaTeX Font Info:    ... okay on input line 84.
LaTeX Font Info:    Checking defaults for OT1/cmr/m/n on input line 84.
LaTeX Font Info:    ... okay on input line 84.
LaTeX Font Info:    Checking defaults for OMS/cmsy/m/n on input line 84.
LaTeX Font Info:    ... okay on input line 84.
LaTeX Font Info:    Checking defaults for OMX/cmex/m/n on input line 84.
LaTeX Font Info:    ... okay on input line 84.
LaTeX Font Info:    Checking defaults for U/cmr/m/n on input line 84.
LaTeX Font Info:    ... okay on input line 84.
LaTeX Font Info:    Try loading font information for OT1+bch on input line 84.
 (/usr/share/texlive/texmf-dist/tex/latex/psnfss/ot1bch.fd
File: ot1bch.fd 2004/10/18 font definitions for OT1/bch.
)
(/usr/share/texlive/texmf-dist/tex/context/base/supp-pdf.mkii
[Loading MPS to PDF converter (version 2006.09.02).]
\scratchcounter=\count132
\scratchdimen=\dimen161
\scratchbox=\box41
\nofMPsegments=\count133
\nofMParguments=\count134
\everyMPshowfont=\toks37
\MPscratchCnt=\count135
\MPscratchDim=\dimen162
\MPnumerator=\count136
\makeMPintoPDFobject=\count137
\everyMPtoPDFconversion=\toks38
) (/usr/share/texlive/texmf-dist/tex/generic/oberdiek/pdftexcmds.sty
Package: pdftexcmds 2011/11/29 v0.20 Utility functions of pdfTeX for LuaTeX (HO
)

(/usr/share/texlive/texmf-dist/tex/generic/oberdiek/ifluatex.sty
Package: ifluatex 2010/03/01 v1.3 Provides the ifluatex switch (HO)
Package ifluatex Info: LuaTeX not detected.
)
(/usr/share/texlive/texmf-dist/tex/generic/oberdiek/ifpdf.sty
Package: ifpdf 2011/01/30 v2.3 Provides the ifpdf switch (HO)
Package ifpdf Info: pdfTeX in PDF mode is detected.
)
Package pdftexcmds Info: LuaTeX not detected.
Package pdftexcmds Info: \pdf@primitive is available.
Package pdftexcmds Info: \pdf@ifprimitive is available.
Package pdftexcmds Info: \pdfdraftmode found.
)
(/usr/share/texlive/texmf-dist/tex/latex/oberdiek/epstopdf-base.sty
Package: epstopdf-base 2010/02/09 v2.5 Base part for package epstopdf

(/usr/share/texlive/texmf-dist/tex/latex/oberdiek/grfext.sty
Package: grfext 2010/08/19 v1.1 Manage graphics extensions (HO)

(/usr/share/texlive/texmf-dist/tex/generic/oberdiek/kvdefinekeys.sty
Package: kvdefinekeys 2011/04/07 v1.3 Define keys (HO)
))
(/usr/share/texlive/texmf-dist/tex/latex/oberdiek/kvoptions.sty
Package: kvoptions 2011/06/30 v3.11 Key value format for package options (HO)

(/usr/share/texlive/texmf-dist/tex/generic/oberdiek/kvsetkeys.sty
Package: kvsetkeys 2012/04/25 v1.16 Key value parser (HO)

(/usr/share/texlive/texmf-dist/tex/generic/oberdiek/etexcmds.sty
Package: etexcmds 2011/02/16 v1.5 Avoid name clashes with e-TeX commands (HO)
Package etexcmds Info: Could not find \expanded.
(etexcmds)             That can mean that you are not using pdfTeX 1.50 or
(etexcmds)             that some package has redefined \expanded.
(etexcmds)             In the latter case, load this package earlier.
)))
Package grfext Info: Graphics extension search list:
(grfext)             [.png,.pdf,.jpg,.mps,.jpeg,.jbig2,.jb2,.PNG,.PDF,.JPG,.JPE
G,.JBIG2,.JB2,.eps]
(grfext)             \AppendGraphicsExtensions on input line 452.

(/usr/share/texlive/texmf-dist/tex/latex/latexconfig/epstopdf-sys.cfg
File: epstopdf-sys.cfg 2010/07/13 v1.3 Configuration of (r)epstopdf for TeX Liv
e
))
Package caption Info: Begin \AtBeginDocument code.
Package caption Info: subfig package v1.3 is loaded.
Package caption Info: float package is loaded.
Package caption Info: listings package is loaded.
Package caption Info: End \AtBeginDocument code.
\c@lstlisting=\count138

ABD: EveryShipout initializing macros
<imagenes/logodc.jpg, id=4, 215.6055pt x 83.5923pt>
File: imagenes/logodc.jpg Graphic file (type jpg)
 <use imagenes/logodc.jpg>
Package pdftex.def Info: imagenes/logodc.jpg used on input line 96.
(pdftex.def)             Requested size: 215.60497pt x 83.59207pt.
LaTeX Font Info:    External font `cmex10' loaded for size
(Font)              <7> on input line 96.
LaTeX Font Info:    External font `cmex10' loaded for size
(Font)              <5> on input line 96.

<imagenes/logouba.jpg, id=5, 225.4824pt x 231.7458pt>
File: imagenes/logouba.jpg Graphic file (type jpg)

<use imagenes/logouba.jpg>
Package pdftex.def Info: imagenes/logouba.jpg used on input line 96.
(pdftex.def)             Requested size: 225.48184pt x 231.74522pt.


LaTeX Font Warning: Font shape `OT1/cmss/b/n' undefined
(Font)              using `OT1/cmss/m/n' instead on input line 96.


Underfull \hbox (badness 10000) in paragraph at lines 96--96

 []


Overfull \hbox (22.76358pt too wide) in paragraph at lines 96--96
[][][] 
 []

[1

{/var/lib/texmf/fonts/map/pdftex/updmap/pdftex.map} <./imagenes/logodc.jpg> <./
imagenes/logouba.jpg>] (./informe.toc)
\tf@toc=\write5
\openout5 = `informe.toc'.

 [2] [1]
Underfull \hbox (badness 10000) in paragraph at lines 194--196

 []


Underfull \hbox (badness 10000) in paragraph at lines 197--199

 []


Underfull \hbox (badness 10000) in paragraph at lines 200--202

 []


Underfull \hbox (badness 10000) in paragraph at lines 203--205

 []

[2]
Underfull \hbox (badness 10000) in paragraph at lines 206--208

 []


Underfull \hbox (badness 10000) in paragraph at lines 209--211

 []

<imagenes/blur2pixels.png, id=26, 399.091pt x 44.165pt>
File: imagenes/blur2pixels.png Graphic file (type png)

<use imagenes/blur2pixels.png>
Package pdftex.def Info: imagenes/blur2pixels.png used on input line 220.
(pdftex.def)             Requested size: 319.27322pt x 35.33203pt.

<imagenes/blur2unpack.png, id=28, 567.721pt x 44.165pt>
File: imagenes/blur2unpack.png Graphic file (type png)

<use imagenes/blur2unpack.png>
Package pdftex.def Info: imagenes/blur2unpack.png used on input line 229.
(pdftex.def)             Requested size: 454.17741pt x 35.33203pt.
 [3 <./imagenes/blur2pixels.png>]
<imagenes/blur2add.png, id=33, 470.558pt x 61.831pt>
File: imagenes/blur2add.png Graphic file (type png)

<use imagenes/blur2add.png>
Package pdftex.def Info: imagenes/blur2add.png used on input line 238.
(pdftex.def)             Requested size: 376.44691pt x 49.46484pt.

<imagenes/blur2end.png, id=34, 567.721pt x 236.082pt>
File: imagenes/blur2end.png Graphic file (type png)

<use imagenes/blur2end.png>
Package pdftex.def Info: imagenes/blur2end.png used on input line 247.
(pdftex.def)             Requested size: 454.17741pt x 188.86584pt.
 [4 <./imagenes/blur2unpack.png> <./imagenes/blur2add.png> <./imagenes/blur2end
.png>]
<imagenes/primerXmm.png, id=41, 413.545pt x 16.06pt>
File: imagenes/primerXmm.png Graphic file (type png)

<use imagenes/primerXmm.png>
Package pdftex.def Info: imagenes/primerXmm.png used on input line 266.
(pdftex.def)             Requested size: 330.83644pt x 12.848pt.

<imagenes/segundoXmm.png, id=42, 411.939pt x 16.06pt>
File: imagenes/segundoXmm.png Graphic file (type png)

<use imagenes/segundoXmm.png>
Package pdftex.def Info: imagenes/segundoXmm.png used on input line 275.
(pdftex.def)             Requested size: 329.55162pt x 12.848pt.

<imagenes/tecerXmm.png, id=43, 411.939pt x 47.377pt>
File: imagenes/tecerXmm.png Graphic file (type png)

<use imagenes/tecerXmm.png>
Package pdftex.def Info: imagenes/tecerXmm.png used on input line 285.
(pdftex.def)             Requested size: 329.55162pt x 37.90163pt.

<imagenes/cuartoXmm.png, id=44, 411.939pt x 107.602pt>
File: imagenes/cuartoXmm.png Graphic file (type png)

<use imagenes/cuartoXmm.png>
Package pdftex.def Info: imagenes/cuartoXmm.png used on input line 295.
(pdftex.def)             Requested size: 329.55162pt x 86.08171pt.
 <imagenes/value.png, id=45, 411.939pt x 39.347pt>
File: imagenes/value.png Graphic file (type png)

<use imagenes/value.png>
Package pdftex.def Info: imagenes/value.png used on input line 304.
(pdftex.def)             Requested size: 329.55162pt x 31.47762pt.
 [5 <./imagenes/primerXmm.png> <./imagenes/segundoXmm.png> <./imagenes/tecerXmm
.png> <./imagenes/cuartoXmm.png>]
<imagenes/256value.png, id=54, 533.995pt x 47.377pt>
File: imagenes/256value.png Graphic file (type png)

<use imagenes/256value.png>
Package pdftex.def Info: imagenes/256value.png used on input line 322.
(pdftex.def)             Requested size: 427.19658pt x 37.90163pt.

<imagenes/xmmAsm2.png, id=55, 414.348pt x 76.285pt>
File: imagenes/xmmAsm2.png Graphic file (type png)
 <use imagenes/xmmAsm2.png>
Package pdftex.def Info: imagenes/xmmAsm2.png used on input line 331.
(pdftex.def)             Requested size: 331.47885pt x 61.02808pt.

[6 <./imagenes/value.png> <./imagenes/256value.png> <./imagenes/xmmAsm2.png>]
[7]
Underfull \hbox (badness 10000) in paragraph at lines 344--347

 []


Underfull \hbox (badness 10000) in paragraph at lines 349--355

 []


Underfull \hbox (badness 10000) in paragraph at lines 356--357

 []


Underfull \hbox (badness 10000) in paragraph at lines 358--362

 []


Underfull \hbox (badness 10000) in paragraph at lines 363--364

 []


Underfull \hbox (badness 10000) in paragraph at lines 366--370

 []


Underfull \hbox (badness 10000) in paragraph at lines 371--375

 []


Underfull \hbox (badness 10000) in paragraph at lines 376--380

 []

[8]
Underfull \hbox (badness 10000) in paragraph at lines 385--392

 []


Underfull \hbox (badness 10000) in paragraph at lines 393--397

 []


Underfull \hbox (badness 10000) in paragraph at lines 398--402

 []

<imagenes/llsshh.png, id=70, 118.844pt x 18.469pt>
File: imagenes/llsshh.png Graphic file (type png)
 <use imagenes/llsshh.png>
Package pdftex.def Info: imagenes/llsshh.png used on input line 416.
(pdftex.def)             Requested size: 95.0753pt x 14.77519pt.

<imagenes/lsh.png, id=71, 118.844pt x 18.469pt>
File: imagenes/lsh.png Graphic file (type png)
 <use imagenes/lsh.png>
Package pdftex.def Info: imagenes/lsh.png used on input line 429.
(pdftex.def)             Requested size: 95.0753pt x 14.77519pt.

<imagenes/sumahsl.png, id=72, 411.136pt x 15.257pt>
File: imagenes/sumahsl.png Graphic file (type png)
 <use imagenes/sumahsl.png>
Package pdftex.def Info: imagenes/sumahsl.png used on input line 438.
(pdftex.def)             Requested size: 328.90924pt x 12.20561pt.

[9 <./imagenes/llsshh.png> <./imagenes/lsh.png> <./imagenes/sumahsl.png>]
<imagenes/caso1hsumahsl.png, id=79, 411.939pt x 202.356pt>
File: imagenes/caso1hsumahsl.png Graphic file (type png)

<use imagenes/caso1hsumahsl.png>
Package pdftex.def Info: imagenes/caso1hsumahsl.png used on input line 447.
(pdftex.def)             Requested size: 329.55162pt x 161.88501pt.

Underfull \hbox (badness 10000) in paragraph at lines 455--470

 []


Underfull \hbox (badness 10000) in paragraph at lines 455--470

 []


Underfull \hbox (badness 10000) in paragraph at lines 455--470

 []


Underfull \hbox (badness 10000) in paragraph at lines 455--470

 []

[10 <./imagenes/caso1hsumahsl.png>]
<imagenes/resultH.png, id=84, 118.041pt x 11.242pt>
File: imagenes/resultH.png Graphic file (type png)
 <use imagenes/resultH.png>
Package pdftex.def Info: imagenes/resultH.png used on input line 473.
(pdftex.def)             Requested size: 94.4329pt x 8.99359pt.

Underfull \hbox (badness 10000) in paragraph at lines 478--484

 []

<imagenes/representacionfloat.png, id=85, 371.789pt x 31.317pt>
File: imagenes/representacionfloat.png Graphic file (type png)

<use imagenes/representacionfloat.png>
Package pdftex.def Info: imagenes/representacionfloat.png used on input line 48
7.
(pdftex.def)             Requested size: 297.4316pt x 25.05362pt.

Underfull \hbox (badness 10000) in paragraph at lines 492--494

 []


Underfull \hbox (badness 10000) in paragraph at lines 492--494

 []


Underfull \hbox (badness 10000) in paragraph at lines 495--497

 []


Underfull \hbox (badness 10000) in paragraph at lines 495--497

 []


Overfull \hbox (1.5025pt too wide) in paragraph at lines 498--511
\OT1/bch/m/n/10 Finalmente nos queda cal-cu-lar la es-cala, para esto primero c
olo-camos M en un reg-istro xmm, lo shifteamos
 []

[11 <./imagenes/resultH.png> <./imagenes/representacionfloat.png>]
<imagenes/shufle.png, id=92, 513.92pt x 75.482pt>
File: imagenes/shufle.png Graphic file (type png)
 <use imagenes/shufle.png>
Package pdftex.def Info: imagenes/shufle.png used on input line 514.
(pdftex.def)             Requested size: 411.13655pt x 60.38567pt.

<../tp2-bundle.v2/Testing/plots/all/blur-black--all.png, id=93, 578.16pt x 433.
62pt>
File: ../tp2-bundle.v2/Testing/plots/all/blur-black--all.png Graphic file (type
 png)
 <use ../tp2-bundle.v2/Testing/plots/all/blur-black--all.png>
Package pdftex.def Info: ../tp2-bundle.v2/Testing/plots/all/blur-black--all.png
 used on input line 533.
(pdftex.def)             Requested size: 231.2599pt x 173.44492pt.

Overfull \hbox (3.63786pt too wide) in paragraph at lines 533--534
 [] 
 []


<../tp2-bundle.v2/Testing/plots/all/blur-normal--all.png, id=94, 578.16pt x 433
.62pt>
File: ../tp2-bundle.v2/Testing/plots/all/blur-normal--all.png Graphic file (typ
e png)
 <use ../tp2-bundle.v2/Testing/plots/all/blur-normal--all.png>
Package pdftex.def Info: ../tp2-bundle.v2/Testing/plots/all/blur-normal--all.pn
g used on input line 540.
(pdftex.def)             Requested size: 231.2599pt x 173.44492pt.

Overfull \hbox (3.63786pt too wide) in paragraph at lines 540--541
 [] 
 []


<../tp2-bundle.v2/Testing/plots/all/blur-white--all.png, id=95, 578.16pt x 433.
62pt>
File: ../tp2-bundle.v2/Testing/plots/all/blur-white--all.png Graphic file (type
 png)
 <use ../tp2-bundle.v2/Testing/plots/all/blur-white--all.png>
Package pdftex.def Info: ../tp2-bundle.v2/Testing/plots/all/blur-white--all.png
 used on input line 548.
(pdftex.def)             Requested size: 231.2599pt x 173.44492pt.
 [12 <./imagenes/shufle.png> <../tp2-bundle.v2/Testing/plots/all/blur-black--al
l.png> <../tp2-bundle.v2/Testing/plots/all/blur-normal--all.png>]
Overfull \hbox (0.59906pt too wide) in paragraph at lines 567--568
[]\OT1/bch/m/n/10 Al no tener saltos condi-cionales, obten-emos el mismo rendim
iento para los dis-tin-tos tipos de im[]agenes. 
 []


<../tp2-bundle.v2/Testing/plots/all/merge-black-05--all.png, id=102, 578.16pt x
 433.62pt>
File: ../tp2-bundle.v2/Testing/plots/all/merge-black-05--all.png Graphic file (
type png)
 <use ../tp2-bundle.v2/Testing/plots/all/merge-black-05--all.png>
Package pdftex.def Info: ../tp2-bundle.v2/Testing/plots/all/merge-black-05--all
.png used on input line 577.
(pdftex.def)             Requested size: 231.2599pt x 173.44492pt.

Overfull \hbox (3.63786pt too wide) in paragraph at lines 577--578
 [] 
 []


<../tp2-bundle.v2/Testing/plots/all/merge-normal-00--all.png, id=103, 578.16pt 
x 433.62pt>
File: ../tp2-bundle.v2/Testing/plots/all/merge-normal-00--all.png Graphic file 
(type png)
 <use ../tp2-bundle.v2/Testing/plots/all/merge-normal-00--all.png>
Package pdftex.def Info: ../tp2-bundle.v2/Testing/plots/all/merge-normal-00--al
l.png used on input line 584.
(pdftex.def)             Requested size: 231.2599pt x 173.44492pt.

Overfull \hbox (3.63786pt too wide) in paragraph at lines 584--585
 [] 
 []


<../tp2-bundle.v2/Testing/plots/all/merge-normal-03--all.png, id=104, 578.16pt 
x 433.62pt>
File: ../tp2-bundle.v2/Testing/plots/all/merge-normal-03--all.png Graphic file 
(type png)
 <use ../tp2-bundle.v2/Testing/plots/all/merge-normal-03--all.png>
Package pdftex.def Info: ../tp2-bundle.v2/Testing/plots/all/merge-normal-03--al
l.png used on input line 593.
(pdftex.def)             Requested size: 231.2599pt x 173.44492pt.

Overfull \hbox (3.63786pt too wide) in paragraph at lines 593--594
 [] 
 []


<../tp2-bundle.v2/Testing/plots/all/merge-normal-05--all.png, id=105, 578.16pt 
x 433.62pt>
File: ../tp2-bundle.v2/Testing/plots/all/merge-normal-05--all.png Graphic file 
(type png)
 <use ../tp2-bundle.v2/Testing/plots/all/merge-normal-05--all.png>
Package pdftex.def Info: ../tp2-bundle.v2/Testing/plots/all/merge-normal-05--al
l.png used on input line 600.
(pdftex.def)             Requested size: 231.2599pt x 173.44492pt.

Overfull \hbox (3.63786pt too wide) in paragraph at lines 600--601
 [] 
 []


<../tp2-bundle.v2/Testing/plots/all/merge-normal-08--all.png, id=106, 578.16pt 
x 433.62pt>
File: ../tp2-bundle.v2/Testing/plots/all/merge-normal-08--all.png Graphic file 
(type png)
 <use ../tp2-bundle.v2/Testing/plots/all/merge-normal-08--all.png>
Package pdftex.def Info: ../tp2-bundle.v2/Testing/plots/all/merge-normal-08--al
l.png used on input line 607.
(pdftex.def)             Requested size: 231.2599pt x 173.44492pt.

Overfull \hbox (3.63786pt too wide) in paragraph at lines 607--608
 [] 
 []


<../tp2-bundle.v2/Testing/plots/all/merge-white-05--all.png, id=107, 578.16pt x
 433.62pt>
File: ../tp2-bundle.v2/Testing/plots/all/merge-white-05--all.png Graphic file (
type png)
 <use ../tp2-bundle.v2/Testing/plots/all/merge-white-05--all.png>
Package pdftex.def Info: ../tp2-bundle.v2/Testing/plots/all/merge-white-05--all
.png used on input line 614.
(pdftex.def)             Requested size: 231.2599pt x 173.44492pt.

Overfull \hbox (3.63786pt too wide) in paragraph at lines 614--615
 [] 
 []

[13 <../tp2-bundle.v2/Testing/plots/all/blur-white--all.png> <../tp2-bundle.v2/
Testing/plots/all/merge-black-05--all.png> <../tp2-bundle.v2/Testing/plots/all/
merge-normal-00--all.png>] <imagenes/hsl1.png, id=114, 578.16pt x 433.62pt>
File: imagenes/hsl1.png Graphic file (type png)

<use imagenes/hsl1.png>
Package pdftex.def Info: imagenes/hsl1.png used on input line 638.
(pdftex.def)             Requested size: 231.2599pt x 173.44492pt.

Overfull \hbox (3.63786pt too wide) in paragraph at lines 638--639
 [] 
 []

<imagenes/hsl2.png, id=115, 578.16pt x 433.62pt>
File: imagenes/hsl2.png Graphic file (type png)
 <use imagenes/hsl2.png>
Package pdftex.def Info: imagenes/hsl2.png used on input line 645.
(pdftex.def)             Requested size: 231.2599pt x 173.44492pt.

Overfull \hbox (3.63786pt too wide) in paragraph at lines 645--646
 [] 
 []

[14 <../tp2-bundle.v2/Testing/plots/all/merge-normal-03--all.png> <../tp2-bundl
e.v2/Testing/plots/all/merge-normal-05--all.png> <../tp2-bundle.v2/Testing/plot
s/all/merge-normal-08--all.png> <../tp2-bundle.v2/Testing/plots/all/merge-white
-05--all.png>]
Underfull \hbox (badness 10000) in paragraph at lines 652--653

 []

<imagenes/hsl3.png, id=123, 578.16pt x 433.62pt>
File: imagenes/hsl3.png Graphic file (type png)
 <use imagenes/hsl3.png>
Package pdftex.def Info: imagenes/hsl3.png used on input line 659.
(pdftex.def)             Requested size: 231.2599pt x 173.44492pt.

Overfull \hbox (3.63786pt too wide) in paragraph at lines 659--660
 [] 
 []

<imagenes/hsl4.png, id=124, 578.16pt x 433.62pt>
File: imagenes/hsl4.png Graphic file (type png)
 <use imagenes/hsl4.png>
Package pdftex.def Info: imagenes/hsl4.png used on input line 666.
(pdftex.def)             Requested size: 231.2599pt x 173.44492pt.

Overfull \hbox (3.63786pt too wide) in paragraph at lines 666--667
 [] 
 []

[15 <./imagenes/hsl1.png> <./imagenes/hsl2.png> <./imagenes/hsl3.png> <./imagen
es/hsl4.png>] <imagenes/hsl6.png, id=132, 578.16pt x 433.62pt>
File: imagenes/hsl6.png Graphic file (type png)

<use imagenes/hsl6.png>
Package pdftex.def Info: imagenes/hsl6.png used on input line 678.
(pdftex.def)             Requested size: 231.2599pt x 173.44492pt.

Overfull \hbox (3.63786pt too wide) in paragraph at lines 678--679
 [] 
 []

<imagenes/hsl5.png, id=133, 578.16pt x 433.62pt>
File: imagenes/hsl5.png Graphic file (type png)
 <use imagenes/hsl5.png>
Package pdftex.def Info: imagenes/hsl5.png used on input line 685.
(pdftex.def)             Requested size: 231.2599pt x 173.44492pt.

Overfull \hbox (3.63786pt too wide) in paragraph at lines 685--686
 [] 
 []

File: imagenes/hsl5.png Graphic file (type png)
<use imagenes/hsl5.png>
Package pdftex.def Info: imagenes/hsl5.png used on input line 698.
(pdftex.def)             Requested size: 231.2599pt x 173.44492pt.

Overfull \hbox (3.63786pt too wide) in paragraph at lines 698--699
 [] 
 []

<imagenes/hsl8.png, id=134, 578.16pt x 433.62pt>
File: imagenes/hsl8.png Graphic file (type png)
 <use imagenes/hsl8.png>
Package pdftex.def Info: imagenes/hsl8.png used on input line 705.
(pdftex.def)             Requested size: 231.2599pt x 173.44492pt.

Overfull \hbox (3.63786pt too wide) in paragraph at lines 705--706
 [] 
 []

File: imagenes/hsl5.png Graphic file (type png)
<use imagenes/hsl5.png>
Package pdftex.def Info: imagenes/hsl5.png used on input line 718.
(pdftex.def)             Requested size: 231.2599pt x 173.44492pt.

Overfull \hbox (3.63786pt too wide) in paragraph at lines 718--719
 [] 
 []

<imagenes/hsl9.png, id=135, 578.16pt x 433.62pt>
File: imagenes/hsl9.png Graphic file (type png)
 <use imagenes/hsl9.png>
Package pdftex.def Info: imagenes/hsl9.png used on input line 725.
(pdftex.def)             Requested size: 231.2599pt x 173.44492pt.

Overfull \hbox (3.63786pt too wide) in paragraph at lines 725--726
 [] 
 []

[16 <./imagenes/hsl6.png> <./imagenes/hsl5.png> <./imagenes/hsl8.png>]
Overfull \hbox (1.33911pt too wide) in paragraph at lines 743--744
\OT1/bch/m/n/10 Pudimos cor-rob-o-rar el uso del as-sem-bler para con-seguir al
-go-rit-mos mas efi-cientes tem-po-ral-mente, aunque
 []

[17 <./imagenes/hsl9.png>] (./informe.aux)

LaTeX Font Warning: Some font shapes were not available, defaults substituted.


LaTeX Warning: There were multiply-defined labels.

 ) 
Here is how much of TeX's memory you used:
 14325 strings out of 495028
 253253 string characters out of 6181498
 348558 words of memory out of 5000000
 17200 multiletter control sequences out of 15000+600000
 19522 words of font info for 34 fonts, out of 8000000 for 9000
 14 hyphenation exceptions out of 8191
 56i,12n,55p,1575b,1252s stack positions out of 5000i,500n,10000p,200000b,80000s
{/usr/share/texlive/texmf-dist/fonts/enc/dvips/base/8r.enc}</usr/share/texliv
e/texmf-dist/fonts/type1/bitstrea/charter/bchb8a.pfb></usr/share/texlive/texmf-
dist/fonts/type1/bitstrea/charter/bchr8a.pfb></usr/share/texlive/texmf-dist/fon
ts/type1/public/amsfonts/cm/cmmi10.pfb></usr/share/texlive/texmf-dist/fonts/typ
e1/public/amsfonts/cm/cmr10.pfb></usr/share/texlive/texmf-dist/fonts/type1/publ
ic/amsfonts/cm/cmss10.pfb></usr/share/texlive/texmf-dist/fonts/type1/public/ams
fonts/cm/cmsy10.pfb></usr/share/texlive/texmf-dist/fonts/type1/public/amsfonts/
cm/cmtt10.pfb></usr/share/texlive/texmf-dist/fonts/type1/public/amsfonts/cm/cmt
t9.pfb>
Output written on informe.pdf (19 pages, 1284178 bytes).
PDF statistics:
 175 PDF objects out of 1000 (max. 8388607)
 73 compressed objects within 1 object stream
 0 named destinations out of 1000 (max. 500000)
 198 words of extra memory for PDF output out of 10000 (max. 10000000)

